
11/24/2017, 3:47:47 PM

Operating System
  Name                        = Mac OS X
  Version                     = 10.12.6
  Architecture                = 64bit
  # CPUs                      = 8
  Memory                      = 17179869184

Node.js
  Node.js Version             = 6.11.0
  npm Version                 = 3.10.10

Titanium CLI
  CLI Version                 = 5.0.14

Titanium SDK
  SDK Version                 = 6.2.3.v20170921145618
  SDK Path                    = /Users/xdeveloper/Library/Application Support/Titanium/mobilesdk/osx/6.2.3.v20170921145618
  Target Platform             = iphone

Command
  /usr/local/bin/node /usr/local/bin/titanium build -p ios

[TRACE]  [ioslib] No iOS Simulator UDID specified, searching for best match
[TRACE]  [ioslib] Scanning Xcodes: 8.3.3:8E3004b
[TRACE]  [ioslib] Scanning Xcode 8.3.3:8E3004b sims: 10.3.1
[TRACE]  [ioslib] No watch app being installed, so picking first Simulator
[TRACE]  [ioslib] Autoselected iOS Simulator: iPhone 7 Plus
[TRACE]  [ioslib]   UDID    = 51FDA3EF-2969-4394-BC58-7CDA4F8585CD
[TRACE]  [ioslib]   iOS     = 10.3.1
[TRACE]  [ioslib] Autoselected Xcode: 8.3.3
[DEBUG]  Detecting modules in /Users/xdeveloper/Documents/GitHub/funfare-sum-system/App/modules
[DEBUG]  Detected iphone module: ti.map 2.12.1 @ /Users/xdeveloper/Documents/GitHub/funfare-sum-system/App/modules/iphone/ti.map/2.12.1
[DEBUG]  Detecting modules in /Users/xdeveloper/Library/Application Support/Titanium/modules
[DEBUG]  Detected android module: facebook 5.0.0 @ /Users/xdeveloper/Library/Application Support/Titanium/modules/android/facebook/5.0.0
[DEBUG]  Detected android module: facebook 6.2.0 @ /Users/xdeveloper/Library/Application Support/Titanium/modules/android/facebook/6.2.0
[DEBUG]  Detected android module: ti.cloudpush 3.4.1 @ /Users/xdeveloper/Library/Application Support/Titanium/modules/android/ti.cloudpush/3.4.1
[DEBUG]  Detected android module: ti.cloudpush 4.0.3 @ /Users/xdeveloper/Library/Application Support/Titanium/modules/android/ti.cloudpush/4.0.3
[DEBUG]  Detected android module: ti.map 2.3.6 @ /Users/xdeveloper/Library/Application Support/Titanium/modules/android/ti.map/2.3.6
[DEBUG]  Detected android module: ti.map 3.3.1 @ /Users/xdeveloper/Library/Application Support/Titanium/modules/android/ti.map/3.3.1
[DEBUG]  Detected android module: ti.touchid 2.2.0 @ /Users/xdeveloper/Library/Application Support/Titanium/modules/android/ti.touchid/2.2.0
[DEBUG]  Detected commonjs module: ti.cloud 3.2.10 @ /Users/xdeveloper/Library/Application Support/Titanium/modules/commonjs/ti.cloud/3.2.10
[DEBUG]  Detected commonjs module: ti.cloud 3.2.11 @ /Users/xdeveloper/Library/Application Support/Titanium/modules/commonjs/ti.cloud/3.2.11
[DEBUG]  Detected iphone module: com.appcelerator.urlSession 2.0.0 @ /Users/xdeveloper/Library/Application Support/Titanium/modules/iphone/com.appcelerator.urlSession/2.0.0
[DEBUG]  Detected iphone module: com.appcelerator.urlSession 2.1.0 @ /Users/xdeveloper/Library/Application Support/Titanium/modules/iphone/com.appcelerator.urlSession/2.1.0
[DEBUG]  Detected iphone module: facebook 5.0.1 @ /Users/xdeveloper/Library/Application Support/Titanium/modules/iphone/facebook/5.0.1
[DEBUG]  Detected iphone module: facebook 5.4.0 @ /Users/xdeveloper/Library/Application Support/Titanium/modules/iphone/facebook/5.4.0
[DEBUG]  Detected iphone module: ti.coremotion 2.0.0 @ /Users/xdeveloper/Library/Application Support/Titanium/modules/iphone/ti.coremotion/2.0.0
[DEBUG]  Detected iphone module: ti.coremotion 2.0.1 @ /Users/xdeveloper/Library/Application Support/Titanium/modules/iphone/ti.coremotion/2.0.1
[DEBUG]  Detected iphone module: ti.map 2.12.1 @ /Users/xdeveloper/Library/Application Support/Titanium/modules/iphone/ti.map/2.12.1
[DEBUG]  Detected iphone module: ti.map 2.5.2 @ /Users/xdeveloper/Library/Application Support/Titanium/modules/iphone/ti.map/2.5.2
[DEBUG]  Detected iphone module: ti.safaridialog 1.0.5 @ /Users/xdeveloper/Library/Application Support/Titanium/modules/iphone/ti.safaridialog/1.0.5
[DEBUG]  Detected iphone module: ti.safaridialog 1.1.1 @ /Users/xdeveloper/Library/Application Support/Titanium/modules/iphone/ti.safaridialog/1.1.1
[DEBUG]  Detected iphone module: ti.touchid 1.2.0 @ /Users/xdeveloper/Library/Application Support/Titanium/modules/iphone/ti.touchid/1.2.0
[DEBUG]  Detected iphone module: ti.touchid 2.1.2 @ /Users/xdeveloper/Library/Application Support/Titanium/modules/iphone/ti.touchid/2.1.2
[DEBUG]  Looking for Titanium module id=ti.map version=2.12.1 platform=iphone deploy-type=development
[INFO]   Found Titanium module id=ti.map version=2.12.1 platform=iphone deploy-type=development path=/Users/xdeveloper/Documents/GitHub/funfare-sum-system/App/modules/iphone/ti.map/2.12.1
[DEBUG]  Detecting plugins in /Users/xdeveloper/Documents/GitHub/funfare-sum-system/App/plugins
[DEBUG]  Detected plugin: ti.alloy @ /Users/xdeveloper/Documents/GitHub/funfare-sum-system/App/plugins/ti.alloy
[DEBUG]  Looking for Titanium plugin id=ti.alloy version=1.0
[INFO]   Found Titanium plugin id=ti.alloy version=1.0 
[TRACE]  Snapshotting build directory
[DEBUG]  Checking if log server port 33088 is available
[DEBUG]  Log server port 33088 is in use, testing if it's the app we're building
[DEBUG]  The log server port is being used by the app being built, continuing
[DEBUG]  Titanium SDK iOS directory: /Users/xdeveloper/Library/Application Support/Titanium/mobilesdk/osx/6.2.3.v20170921145618/iphone
[INFO]   Deploy type: development
[INFO]   Building for target: simulator
[INFO]   Building using iOS SDK: 10.3.1
[INFO]   Building for iOS Simulator: iPhone 7 Plus
[DEBUG]  UDID: 51FDA3EF-2969-4394-BC58-7CDA4F8585CD
[DEBUG]  Simulator type: iphone
[DEBUG]  Simulator version: 10.3.1
[INFO]   Building for device family: universal
[DEBUG]  Setting Xcode target to Debug
[DEBUG]  Setting Xcode build OS to iphonesimulator
[DEBUG]  Xcode installation: /Applications/Xcode.app/Contents/Developer
[DEBUG]  iOS WWDR certificate: installed
[INFO]   Minimum iOS version: 8.0
[INFO]   Logging enabled on port 33088
[INFO]   Debugging disabled
[INFO]   Profiler disabled
[INFO]   Set to copy files instead of symlinking
[INFO]   Initializing the build directory
[INFO]   Found Alloy app in /Users/xdeveloper/Documents/GitHub/funfare-sum-system/App/app
[INFO]   Executing Alloy compile: /usr/local/bin/node /usr/local/bin/alloy compile /Users/xdeveloper/Documents/GitHub/funfare-sum-system/App/app --config platform=ios,version=0,simtype=none,devicefamily=universal,deploytype=development,target=simulator
[DEBUG]         .__  .__                
[DEBUG]  _____  |  | |  |   ____ ___.__.
[DEBUG]  \__  \ |  | |  |  /  _ <   |  |
[DEBUG]   / __ \|  |_|  |_(  <_> )___  |
[DEBUG]  (____  /____/____/\____// ____|
[DEBUG]       \/                 \/
[DEBUG]  Alloy 1.10.9 by Appcelerator. The MVC app framework for Titanium.
[DEBUG]  
[DEBUG]  ----- CONFIGURATION -----
[DEBUG]  raw config = "platform=ios,version=0,simtype=none,devicefamily=universal,deploytype=development,target=simulator"
[DEBUG]  platform = ios
[DEBUG]  version = 0
[DEBUG]  simtype = none
[DEBUG]  devicefamily = universal
[DEBUG]  deploytype = development
[DEBUG]  target = simulator
[DEBUG]  project path = /Users/xdeveloper/Documents/GitHub/funfare-sum-system/App
[DEBUG]  app path = /Users/xdeveloper/Documents/GitHub/funfare-sum-system/App/app
[DEBUG]  
[DEBUG]  ----- CONFIG.JSON -----
[DEBUG]  dependencies = {}
[INFO]    [config.json] config.json unchanged, using cached config.json...
[DEBUG]  {
[DEBUG]    "dependencies": {},
[DEBUG]    "sourcemap": true,
[DEBUG]    "autoStyle": false,
[DEBUG]    "adapters": [
[DEBUG]      "localStorage",
[DEBUG]      "properties",
[DEBUG]      "sql"
[DEBUG]    ]
[DEBUG]  }
[DEBUG]  
[DEBUG]  ----- CLEANING RESOURCES -----
[DEBUG]  Removing orphaned controllers ...
[DEBUG]  Removing orphaned models ...
[DEBUG]  Removing orphaned styles ...
[DEBUG]  Removing orphaned sync adapters...
[TRACE]  * iphone/alloy/sync/sqlrest.js
[DEBUG]  Removing orphaned assets and libs...
[DEBUG]  
[DEBUG]  ----- BASE RUNTIME FILES -----
[TRACE]  SRC_DIR=/usr/local/lib/node_modules/alloy/Alloy/lib
[TRACE]  Copying SRC_DIR/alloy/widget.js --> Resources/iphone/alloy/widget.js
[TRACE]  Copying SRC_DIR/alloy/underscore.js --> Resources/iphone/alloy/underscore.js
[TRACE]  Copying SRC_DIR/alloy/sync/sql.js --> Resources/iphone/alloy/sync/sql.js
[TRACE]  Copying SRC_DIR/alloy/sync/properties.js --> Resources/iphone/alloy/sync/properties.js
[TRACE]  Copying SRC_DIR/alloy/sync/localStorage.js --> Resources/iphone/alloy/sync/localStorage.js
[TRACE]  Copying SRC_DIR/alloy/controllers/BaseController.js --> Resources/iphone/alloy/controllers/BaseController.js
[TRACE]  
[TRACE]  Generating ../Resources/iphone/alloy.js
[TRACE]  SRC_DIR=/usr/local/lib/node_modules/alloy/Alloy/common
[TRACE]  Copying SRC_DIR/constants.js --> Resources/iphone/alloy/constants.js
[TRACE]  
[TRACE]  SRC_DIR=/Users/xdeveloper/Documents/GitHub/funfare-sum-system/App/app/assets
[TRACE]  
[TRACE]  SRC_DIR=/Users/xdeveloper/Documents/GitHub/funfare-sum-system/App/app/vendor
[TRACE]  Copying SRC_DIR/alloy/sync/sqlrest.js --> Resources/iphone/alloy/sync/sqlrest.js
[TRACE]  
[DEBUG]  Resetting /Users/xdeveloper/Documents/GitHub/funfare-sum-system/App/platform/ios
[DEBUG]  
[DEBUG]  Resetting /Users/xdeveloper/Documents/GitHub/funfare-sum-system/App/i18n
[DEBUG]  
[INFO]   ----- MVC GENERATION -----
[INFO]   [global style] loading from cache...
[INFO]   [models/mapData.js] model processing...
[INFO]   [models/place.js] model processing...
[INFO]   [models/webNews.js] model processing...
[INFO]   [detail.xml] view processing...
[INFO]     style:      "detail.tss"
[INFO]     view:       "detail.xml"
[INFO]     controller: "detail.js"
[INFO]     created:    "Resources/iphone/alloy/controllers/detail.js"
[DEBUG]    map:        "build/map/Resources/iphone/alloy/controllers/detail.js.map"
[INFO]     created:     "Resources/iphone/alloy/styles/detail.js"
[INFO]   [index.xml] view processing...
[INFO]     style:      "index.tss"
[INFO]     view:       "index.xml"
[INFO]     controller: "index.js"
[INFO]     created:    "Resources/iphone/alloy/controllers/index.js"
[DEBUG]    map:        "build/map/Resources/iphone/alloy/controllers/index.js.map"
[INFO]     created:     "Resources/iphone/alloy/styles/index.js"
[INFO]   [jumpMap.xml] view processing...
[INFO]     style:      "jumpMap.tss"
[INFO]     view:       "jumpMap.xml"
[INFO]     controller: "jumpMap.js"
[INFO]     created:    "Resources/iphone/alloy/controllers/jumpMap.js"
[DEBUG]    map:        "build/map/Resources/iphone/alloy/controllers/jumpMap.js.map"
[INFO]     created:     "Resources/iphone/alloy/styles/jumpMap.js"
[INFO]   [login.xml] view processing...
[INFO]     style:      "login.tss"
[INFO]     view:       "login.xml"
[INFO]     controller: "login.js"
[INFO]     created:    "Resources/iphone/alloy/controllers/login.js"
[DEBUG]    map:        "build/map/Resources/iphone/alloy/controllers/login.js.map"
[INFO]     created:     "Resources/iphone/alloy/styles/login.js"
[INFO]   [priceSelect.xml] view processing...
[INFO]     style:      "priceSelect.tss"
[INFO]     view:       "priceSelect.xml"
[INFO]     controller: "priceSelect.js"
[INFO]     created:    "Resources/iphone/alloy/controllers/priceSelect.js"
[DEBUG]    map:        "build/map/Resources/iphone/alloy/controllers/priceSelect.js.map"
[INFO]     created:     "Resources/iphone/alloy/styles/priceSelect.js"
[INFO]   [user.xml] view processing...
[INFO]     style:      "user.tss"
[INFO]     view:       "user.xml"
[INFO]     controller: "user.js"
[INFO]     created:    "Resources/iphone/alloy/controllers/user.js"
[DEBUG]    map:        "build/map/Resources/iphone/alloy/controllers/user.js.map"
[INFO]     created:     "Resources/iphone/alloy/styles/user.js"
[INFO]   
[INFO]   [app.js] using cached app.js...
[INFO]   
[INFO]   ----- OPTIMIZING -----
[INFO]   - alloy/moment.js
[INFO]   - iphone/alloy.js
[INFO]   - iphone/alloy/models/MapData.js
[INFO]   - iphone/alloy/models/Place.js
[INFO]   - iphone/alloy/models/WebNews.js
[INFO]   - iphone/alloy/sync/localStorage.js
[INFO]   - iphone/alloy/sync/properties.js
[INFO]   - iphone/alloy/sync/sql.js
[INFO]   - iphone/alloy/sync/sqlrest.js
[TRACE]   
[TRACE]  Benchmarking
[TRACE]  ------------
[TRACE]  [0.68929s] TOTAL
[INFO]   
[INFO]   Alloy compiled in 0.68929s
[INFO]   Alloy compiler completed successfully
[TRACE]  Starting third-party framework detection
[TRACE]  Scanning /Users/xdeveloper/Documents/GitHub/funfare-sum-system/App/platform/ios for frameworks
[TRACE]  Scanning /Users/xdeveloper/Documents/GitHub/funfare-sum-system/App/modules/iphone/ti.map/2.12.1/platform for frameworks
[INFO]   Creating Xcode project
[TRACE]  Removing pre-compile phase
[TRACE]  Adding 1 native module library
[TRACE]  No extensions to add
[TRACE]  No change, skipping /Users/xdeveloper/Documents/GitHub/funfare-sum-system/App/build/iphone/Funfares.xcodeproj/project.pbxproj
[INFO]   Creating Entitlements.plist
[TRACE]  No change, skipping /Users/xdeveloper/Documents/GitHub/funfare-sum-system/App/build/iphone/Funfares.entitlements
[INFO]   Creating Info.plist
[DEBUG]  Checking for Splash Screen localization
[INFO]   Disabling ATS
[TRACE]  No change, skipping /Users/xdeveloper/Documents/GitHub/funfare-sum-system/App/build/iphone/Info.plist
[INFO]   Creating main.m
[TRACE]  No change, skipping /Users/xdeveloper/Documents/GitHub/funfare-sum-system/App/build/iphone/main.m
[INFO]   Creating Xcode config files
[TRACE]  No change, skipping /Users/xdeveloper/Documents/GitHub/funfare-sum-system/App/build/iphone/project.xcconfig
[TRACE]  No change, skipping /Users/xdeveloper/Documents/GitHub/funfare-sum-system/App/build/iphone/module.xcconfig
[INFO]   Copying Titanium libraries
[TRACE]  No change, skipping /Users/xdeveloper/Documents/GitHub/funfare-sum-system/App/build/iphone/lib/libTiCore.a
[TRACE]  No change, skipping /Users/xdeveloper/Documents/GitHub/funfare-sum-system/App/build/iphone/lib/libtiverify.a
[TRACE]  No change, skipping /Users/xdeveloper/Documents/GitHub/funfare-sum-system/App/build/iphone/lib/libti_ios_debugger.a
[TRACE]  No change, skipping /Users/xdeveloper/Documents/GitHub/funfare-sum-system/App/build/iphone/lib/libti_ios_profiler.a
[INFO]   Copying Titanium iOS files
[TRACE]  Skipping Classes/ApplicationRouting.m, it'll be processed later
[TRACE]  No change, skipping /Users/xdeveloper/Documents/GitHub/funfare-sum-system/App/build/iphone/Funfares_Prefix.pch
[TRACE]  No change, skipping /Users/xdeveloper/Documents/GitHub/funfare-sum-system/App/build/iphone/Funfares.xcodeproj/xcshareddata/xcschemes/Funfares.xcscheme
[INFO]   Installing default LaunchScreen.storyboard
[TRACE]  No change, skipping /Users/xdeveloper/Documents/GitHub/funfare-sum-system/App/build/iphone/LaunchScreen.storyboard
[INFO]   Creating debugger and profiler plists
[DEBUG]  Skipping /Users/xdeveloper/Documents/GitHub/funfare-sum-system/App/build/iphone/build/Products/Debug-iphonesimulator/Funfares.app/debugger.plist
[DEBUG]  Skipping /Users/xdeveloper/Documents/GitHub/funfare-sum-system/App/build/iphone/build/Products/Debug-iphonesimulator/Funfares.app/profiler.plist
[INFO]   Analyzing Resources directory
[INFO]   Analyzing platform files
[INFO]   Analyzing module files
[INFO]   Analyzing localized launch images
[INFO]   Analyzing CommonJS modules
[INFO]   Creating asset catalog
[TRACE]  No change, skipping /Users/xdeveloper/Documents/GitHub/funfare-sum-system/App/build/iphone/Assets.xcassets/Contents.json
[INFO]   Creating app icon set
[TRACE]  No change, skipping /Users/xdeveloper/Documents/GitHub/funfare-sum-system/App/build/iphone/Assets.xcassets/AppIcon.appiconset/Contents.json
[INFO]   Creating launch logo image set
[INFO]   Missing 5 launch logos, generating missing launch logos from DefaultIcon.png
[TRACE]  No change, skipping /Users/xdeveloper/Documents/GitHub/funfare-sum-system/App/build/iphone/Assets.xcassets/LaunchLogo.imageset/Contents.json
[INFO]   Forcing rebuild: launch logos changed since last build
[WARN]   If this app has been previously installed on this simulator, you may need restart it to see the latest launch logo
[WARN]   iOS renders and caches the launch screen to a PNG image that seems to only be invalidated by restarting iOS
[WARN]   The default icon "DefaultIcon-ios.png" contains an alpha channel and will be flattened against a white background
[WARN]   You may create an image named "DefaultIcon-ios.png" that does not have an alpha channel in the root of your project
[WARN]   It is highly recommended that the DefaultIcon.png be 1024x1024
[DEBUG]  Stripping alpha channel: /Users/xdeveloper/Documents/GitHub/funfare-sum-system/App/DefaultIcon-ios.png => /Users/xdeveloper/Documents/GitHub/funfare-sum-system/App/build/iphone/DefaultIcon.png
[DEBUG]  Found /Users/xdeveloper/Documents/GitHub/funfare-sum-system/App/build/iphone/DefaultIcon.png (1024x1024)
[INFO]   Missing 16 app icons, generating missing icons
[INFO]     appicon-Small.png - Used for iPad - size: 29x29
[INFO]     appicon-Small@2x.png - Used for iPhone, iPad - size: 58x58
[INFO]     appicon-Small@3x.png - Used for iPhone - size: 87x87
[INFO]     appicon-Small-40.png - Used for iPad - size: 40x40
[INFO]     appicon-Small-40@2x.png - Used for iPhone, iPad - size: 80x80
[INFO]     appicon-Small-40@3x.png - Used for iPhone - size: 120x120
[INFO]     appicon-60@2x.png - Used for iPhone - size: 120x120
[INFO]     appicon-60@3x.png - Used for iPhone - size: 180x180
[INFO]     appicon-76.png - Used for iPad - size: 76x76
[INFO]     appicon-76@2x.png - Used for iPad - size: 152x152
[INFO]     appicon-83.5@2x.png - Used for iPad - size: 167x167
[INFO]     LaunchLogo~iphone - Used for iphone - size: 320x320 - size: 320x320
[INFO]     LaunchLogo@2x~iphone - Used for iphone - size: 374x374 - size: 374x374
[INFO]     LaunchLogo@3x~iphone - Used for iphone - size: 621x621 - size: 621x621
[INFO]     LaunchLogo~ipad - Used for ipad - size: 384x384 - size: 384x384
[INFO]     LaunchLogo@2x~ipad - Used for ipad - size: 1024x1024 - size: 1024x1024
[TRACE]  Resizing images: java -jar "/Users/xdeveloper/Library/Application Support/Titanium/mobilesdk/osx/6.2.3.v20170921145618/node_modules/node-appc/tools/resizer/resizer.jar" "/Users/xdeveloper/Documents/GitHub/funfare-sum-system/App/build/iphone/DefaultIcon.png" "/Users/xdeveloper/Documents/GitHub/funfare-sum-system/App/build/iphone/Assets.xcassets/AppIcon.appiconset/appicon-Small.png" 29 29 "/Users/xdeveloper/Documents/GitHub/funfare-sum-system/App/build/iphone/Assets.xcassets/AppIcon.appiconset/appicon-Small@2x.png" 58 58 "/Users/xdeveloper/Documents/GitHub/funfare-sum-system/App/build/iphone/Assets.xcassets/AppIcon.appiconset/appicon-Small@3x.png" 87 87 "/Users/xdeveloper/Documents/GitHub/funfare-sum-system/App/build/iphone/Assets.xcassets/AppIcon.appiconset/appicon-Small-40.png" 40 40 "/Users/xdeveloper/Documents/GitHub/funfare-sum-system/App/build/iphone/Assets.xcassets/AppIcon.appiconset/appicon-Small-40@2x.png" 80 80 "/Users/xdeveloper/Documents/GitHub/funfare-sum-system/App/build/iphone/Assets.xcassets/AppIcon.appiconset/appicon-Small-40@3x.png" 120 120 "/Users/xdeveloper/Documents/GitHub/funfare-sum-system/App/build/iphone/Assets.xcassets/AppIcon.appiconset/appicon-60@2x.png" 120 120 "/Users/xdeveloper/Documents/GitHub/funfare-sum-system/App/build/iphone/Assets.xcassets/AppIcon.appiconset/appicon-60@3x.png" 180 180 "/Users/xdeveloper/Documents/GitHub/funfare-sum-system/App/build/iphone/Assets.xcassets/AppIcon.appiconset/appicon-76.png" 76 76 "/Users/xdeveloper/Documents/GitHub/funfare-sum-system/App/build/iphone/Assets.xcassets/AppIcon.appiconset/appicon-76@2x.png" 152 152 "/Users/xdeveloper/Documents/GitHub/funfare-sum-system/App/build/iphone/Assets.xcassets/AppIcon.appiconset/appicon-83.5@2x.png" 167 167 "/Users/xdeveloper/Documents/GitHub/funfare-sum-system/App/build/iphone/Assets.xcassets/LaunchLogo.imageset/LaunchLogo~iphone.png" 320 320 "/Users/xdeveloper/Documents/GitHub/funfare-sum-system/App/build/iphone/Assets.xcassets/LaunchLogo.imageset/LaunchLogo@2x~iphone.png" 374 374 "/Users/xdeveloper/Documents/GitHub/funfare-sum-system/App/build/iphone/Assets.xcassets/LaunchLogo.imageset/LaunchLogo@3x~iphone.png" 621 621 "/Users/xdeveloper/Documents/GitHub/funfare-sum-system/App/build/iphone/Assets.xcassets/LaunchLogo.imageset/LaunchLogo~ipad.png" 384 384 "/Users/xdeveloper/Documents/GitHub/funfare-sum-system/App/build/iphone/Assets.xcassets/LaunchLogo.imageset/LaunchLogo@2x~ipad.png" 1024 1024
[INFO]   Creating launch image set
[DEBUG]  Unsupported launch image Resources/iphone/Default-Landscape-2436h@3x.png, skipping
[DEBUG]  Unsupported launch image Resources/iphone/Default-Portrait-2436h@3x.png, skipping
[DEBUG]  Unsupported launch image Resources/iphone/Default.png, skipping
[TRACE]  No change, skipping /Users/xdeveloper/Documents/GitHub/funfare-sum-system/App/build/iphone/Assets.xcassets/LaunchImage.launchimage/Contents.json
[INFO]   App thinning disabled, skipping asset image sets
[DEBUG]  Copying resources
[TRACE]  No change, skipping /Users/xdeveloper/Documents/GitHub/funfare-sum-system/App/build/iphone/build/Products/Debug-iphonesimulator/Funfares.app/KS_nav_ui.png
[TRACE]  No change, skipping /Users/xdeveloper/Documents/GitHub/funfare-sum-system/App/build/iphone/build/Products/Debug-iphonesimulator/Funfares.app/KS_nav_views.png
[TRACE]  No change, skipping /Users/xdeveloper/Documents/GitHub/funfare-sum-system/App/build/iphone/build/Products/Debug-iphonesimulator/Funfares.app/Visa.sqlite
[TRACE]  No change, skipping /Users/xdeveloper/Documents/GitHub/funfare-sum-system/App/build/iphone/build/Products/Debug-iphonesimulator/Funfares.app/funfares.png
[TRACE]  No change, skipping /Users/xdeveloper/Documents/GitHub/funfare-sum-system/App/build/iphone/build/Products/Debug-iphonesimulator/Funfares.app/home.png
[TRACE]  No change, skipping /Users/xdeveloper/Documents/GitHub/funfare-sum-system/App/build/iphone/build/Products/Debug-iphonesimulator/Funfares.app/img/1.jpg
[TRACE]  No change, skipping /Users/xdeveloper/Documents/GitHub/funfare-sum-system/App/build/iphone/build/Products/Debug-iphonesimulator/Funfares.app/img/2.jpg
[TRACE]  No change, skipping /Users/xdeveloper/Documents/GitHub/funfare-sum-system/App/build/iphone/build/Products/Debug-iphonesimulator/Funfares.app/img/3.jpg
[TRACE]  No change, skipping /Users/xdeveloper/Documents/GitHub/funfare-sum-system/App/build/iphone/build/Products/Debug-iphonesimulator/Funfares.app/img/4.jpg
[TRACE]  No change, skipping /Users/xdeveloper/Documents/GitHub/funfare-sum-system/App/build/iphone/build/Products/Debug-iphonesimulator/Funfares.app/img/5.jpg
[TRACE]  No change, skipping /Users/xdeveloper/Documents/GitHub/funfare-sum-system/App/build/iphone/build/Products/Debug-iphonesimulator/Funfares.app/img/6.jpg
[TRACE]  No change, skipping /Users/xdeveloper/Documents/GitHub/funfare-sum-system/App/build/iphone/build/Products/Debug-iphonesimulator/Funfares.app/img/airplane.png
[TRACE]  No change, skipping /Users/xdeveloper/Documents/GitHub/funfare-sum-system/App/build/iphone/build/Products/Debug-iphonesimulator/Funfares.app/infoday2017.sqlite
[TRACE]  No change, skipping /Users/xdeveloper/Documents/GitHub/funfare-sum-system/App/build/iphone/build/Products/Debug-iphonesimulator/Funfares.app/login.png
[TRACE]  No change, skipping /Users/xdeveloper/Documents/GitHub/funfare-sum-system/App/build/iphone/build/Products/Debug-iphonesimulator/Funfares.app/map.png
[TRACE]  No change, skipping /Users/xdeveloper/Documents/GitHub/funfare-sum-system/App/build/iphone/build/Products/Debug-iphonesimulator/Funfares.app/place select.png
[TRACE]  No change, skipping /Users/xdeveloper/Documents/GitHub/funfare-sum-system/App/build/iphone/build/Products/Debug-iphonesimulator/Funfares.app/price select.png
[DEBUG]  Overwriting /Users/xdeveloper/Documents/GitHub/funfare-sum-system/App/platform/ios/alloy_generated => /Users/xdeveloper/Documents/GitHub/funfare-sum-system/App/build/iphone/alloy_generated
[TRACE]  No change, skipping /Users/xdeveloper/Documents/GitHub/funfare-sum-system/App/build/iphone/build/Products/Debug-iphonesimulator/Funfares.app/modules/ti.map/README
[TRACE]  No change, skipping /Users/xdeveloper/Documents/GitHub/funfare-sum-system/App/build/iphone/Assets.xcassets/LaunchImage.launchimage/Default-568h@2x.png
[TRACE]  No change, skipping /Users/xdeveloper/Documents/GitHub/funfare-sum-system/App/build/iphone/Assets.xcassets/LaunchImage.launchimage/Default-667h@2x.png
[TRACE]  No change, skipping /Users/xdeveloper/Documents/GitHub/funfare-sum-system/App/build/iphone/Assets.xcassets/LaunchImage.launchimage/Default-Landscape-736h@3x.png
[TRACE]  No change, skipping /Users/xdeveloper/Documents/GitHub/funfare-sum-system/App/build/iphone/Assets.xcassets/LaunchImage.launchimage/Default-Landscape.png
[TRACE]  No change, skipping /Users/xdeveloper/Documents/GitHub/funfare-sum-system/App/build/iphone/Assets.xcassets/LaunchImage.launchimage/Default-Landscape@2x.png
[TRACE]  No change, skipping /Users/xdeveloper/Documents/GitHub/funfare-sum-system/App/build/iphone/Assets.xcassets/LaunchImage.launchimage/Default-Portrait-736h@3x.png
[TRACE]  No change, skipping /Users/xdeveloper/Documents/GitHub/funfare-sum-system/App/build/iphone/Assets.xcassets/LaunchImage.launchimage/Default-Portrait.png
[TRACE]  No change, skipping /Users/xdeveloper/Documents/GitHub/funfare-sum-system/App/build/iphone/Assets.xcassets/LaunchImage.launchimage/Default-Portrait@2x.png
[TRACE]  No change, skipping /Users/xdeveloper/Documents/GitHub/funfare-sum-system/App/build/iphone/Assets.xcassets/LaunchImage.launchimage/Default@2x.png
[DEBUG]  Copying CSS files
[INFO]   Processing JavaScript files
[DEBUG]  Overwriting /Users/xdeveloper/Documents/GitHub/funfare-sum-system/App/Resources/iphone/alloy/CFG.js => /Users/xdeveloper/Documents/GitHub/funfare-sum-system/App/build/iphone/build/Products/Debug-iphonesimulator/Funfares.app/alloy/CFG.js
[DEBUG]  Overwriting /Users/xdeveloper/Documents/GitHub/funfare-sum-system/App/Resources/alloy/moment.js => /Users/xdeveloper/Documents/GitHub/funfare-sum-system/App/build/iphone/build/Products/Debug-iphonesimulator/Funfares.app/alloy/moment.js
[DEBUG]  Overwriting /Users/xdeveloper/Documents/GitHub/funfare-sum-system/App/Resources/iphone/app.js => /Users/xdeveloper/Documents/GitHub/funfare-sum-system/App/build/iphone/build/Products/Debug-iphonesimulator/Funfares.app/app.js
[DEBUG]  Overwriting /Users/xdeveloper/Documents/GitHub/funfare-sum-system/App/Resources/iphone/alloy/backbone.js => /Users/xdeveloper/Documents/GitHub/funfare-sum-system/App/build/iphone/build/Products/Debug-iphonesimulator/Funfares.app/alloy/backbone.js
[DEBUG]  Overwriting /Users/xdeveloper/Documents/GitHub/funfare-sum-system/App/Resources/iphone/alloy/constants.js => /Users/xdeveloper/Documents/GitHub/funfare-sum-system/App/build/iphone/build/Products/Debug-iphonesimulator/Funfares.app/alloy/constants.js
[DEBUG]  Overwriting /Users/xdeveloper/Documents/GitHub/funfare-sum-system/App/Resources/iphone/alloy/controllers/BaseController.js => /Users/xdeveloper/Documents/GitHub/funfare-sum-system/App/build/iphone/build/Products/Debug-iphonesimulator/Funfares.app/alloy/controllers/BaseController.js
[DEBUG]  Overwriting /Users/xdeveloper/Documents/GitHub/funfare-sum-system/App/Resources/iphone/alloy/controllers/detail.js => /Users/xdeveloper/Documents/GitHub/funfare-sum-system/App/build/iphone/build/Products/Debug-iphonesimulator/Funfares.app/alloy/controllers/detail.js
[DEBUG]  Overwriting /Users/xdeveloper/Documents/GitHub/funfare-sum-system/App/Resources/iphone/alloy/controllers/index.js => /Users/xdeveloper/Documents/GitHub/funfare-sum-system/App/build/iphone/build/Products/Debug-iphonesimulator/Funfares.app/alloy/controllers/index.js
[DEBUG]  Overwriting /Users/xdeveloper/Documents/GitHub/funfare-sum-system/App/Resources/iphone/alloy/controllers/jumpMap.js => /Users/xdeveloper/Documents/GitHub/funfare-sum-system/App/build/iphone/build/Products/Debug-iphonesimulator/Funfares.app/alloy/controllers/jumpMap.js
[DEBUG]  Overwriting /Users/xdeveloper/Documents/GitHub/funfare-sum-system/App/Resources/iphone/alloy/controllers/login.js => /Users/xdeveloper/Documents/GitHub/funfare-sum-system/App/build/iphone/build/Products/Debug-iphonesimulator/Funfares.app/alloy/controllers/login.js
[DEBUG]  Overwriting /Users/xdeveloper/Documents/GitHub/funfare-sum-system/App/Resources/iphone/alloy/controllers/priceSelect.js => /Users/xdeveloper/Documents/GitHub/funfare-sum-system/App/build/iphone/build/Products/Debug-iphonesimulator/Funfares.app/alloy/controllers/priceSelect.js
[DEBUG]  Overwriting /Users/xdeveloper/Documents/GitHub/funfare-sum-system/App/Resources/iphone/alloy/controllers/user.js => /Users/xdeveloper/Documents/GitHub/funfare-sum-system/App/build/iphone/build/Products/Debug-iphonesimulator/Funfares.app/alloy/controllers/user.js
[DEBUG]  Overwriting /Users/xdeveloper/Documents/GitHub/funfare-sum-system/App/Resources/iphone/alloy/models/MapData.js => /Users/xdeveloper/Documents/GitHub/funfare-sum-system/App/build/iphone/build/Products/Debug-iphonesimulator/Funfares.app/alloy/models/MapData.js
[DEBUG]  Overwriting /Users/xdeveloper/Documents/GitHub/funfare-sum-system/App/Resources/iphone/alloy/models/Place.js => /Users/xdeveloper/Documents/GitHub/funfare-sum-system/App/build/iphone/build/Products/Debug-iphonesimulator/Funfares.app/alloy/models/Place.js
[DEBUG]  Overwriting /Users/xdeveloper/Documents/GitHub/funfare-sum-system/App/Resources/iphone/alloy/models/WebNews.js => /Users/xdeveloper/Documents/GitHub/funfare-sum-system/App/build/iphone/build/Products/Debug-iphonesimulator/Funfares.app/alloy/models/WebNews.js
[DEBUG]  Overwriting /Users/xdeveloper/Documents/GitHub/funfare-sum-system/App/Resources/iphone/alloy/styles/detail.js => /Users/xdeveloper/Documents/GitHub/funfare-sum-system/App/build/iphone/build/Products/Debug-iphonesimulator/Funfares.app/alloy/styles/detail.js
[DEBUG]  Overwriting /Users/xdeveloper/Documents/GitHub/funfare-sum-system/App/Resources/iphone/alloy/styles/index.js => /Users/xdeveloper/Documents/GitHub/funfare-sum-system/App/build/iphone/build/Products/Debug-iphonesimulator/Funfares.app/alloy/styles/index.js
[DEBUG]  Overwriting /Users/xdeveloper/Documents/GitHub/funfare-sum-system/App/Resources/iphone/alloy/styles/jumpMap.js => /Users/xdeveloper/Documents/GitHub/funfare-sum-system/App/build/iphone/build/Products/Debug-iphonesimulator/Funfares.app/alloy/styles/jumpMap.js
[DEBUG]  Overwriting /Users/xdeveloper/Documents/GitHub/funfare-sum-system/App/Resources/iphone/alloy/styles/login.js => /Users/xdeveloper/Documents/GitHub/funfare-sum-system/App/build/iphone/build/Products/Debug-iphonesimulator/Funfares.app/alloy/styles/login.js
[DEBUG]  Overwriting /Users/xdeveloper/Documents/GitHub/funfare-sum-system/App/Resources/iphone/alloy/styles/priceSelect.js => /Users/xdeveloper/Documents/GitHub/funfare-sum-system/App/build/iphone/build/Products/Debug-iphonesimulator/Funfares.app/alloy/styles/priceSelect.js
[DEBUG]  Overwriting /Users/xdeveloper/Documents/GitHub/funfare-sum-system/App/Resources/iphone/alloy/styles/user.js => /Users/xdeveloper/Documents/GitHub/funfare-sum-system/App/build/iphone/build/Products/Debug-iphonesimulator/Funfares.app/alloy/styles/user.js
[DEBUG]  Overwriting /Users/xdeveloper/Documents/GitHub/funfare-sum-system/App/Resources/iphone/alloy/sync/localStorage.js => /Users/xdeveloper/Documents/GitHub/funfare-sum-system/App/build/iphone/build/Products/Debug-iphonesimulator/Funfares.app/alloy/sync/localStorage.js
[DEBUG]  Overwriting /Users/xdeveloper/Documents/GitHub/funfare-sum-system/App/Resources/iphone/alloy/sync/properties.js => /Users/xdeveloper/Documents/GitHub/funfare-sum-system/App/build/iphone/build/Products/Debug-iphonesimulator/Funfares.app/alloy/sync/properties.js
[DEBUG]  Overwriting /Users/xdeveloper/Documents/GitHub/funfare-sum-system/App/Resources/iphone/alloy/sync/sql.js => /Users/xdeveloper/Documents/GitHub/funfare-sum-system/App/build/iphone/build/Products/Debug-iphonesimulator/Funfares.app/alloy/sync/sql.js
[DEBUG]  Overwriting /Users/xdeveloper/Documents/GitHub/funfare-sum-system/App/Resources/iphone/alloy/sync/sqlrest.js => /Users/xdeveloper/Documents/GitHub/funfare-sum-system/App/build/iphone/build/Products/Debug-iphonesimulator/Funfares.app/alloy/sync/sqlrest.js
[DEBUG]  Overwriting /Users/xdeveloper/Documents/GitHub/funfare-sum-system/App/Resources/iphone/alloy/underscore.js => /Users/xdeveloper/Documents/GitHub/funfare-sum-system/App/build/iphone/build/Products/Debug-iphonesimulator/Funfares.app/alloy/underscore.js
[DEBUG]  Overwriting /Users/xdeveloper/Documents/GitHub/funfare-sum-system/App/Resources/iphone/alloy/widget.js => /Users/xdeveloper/Documents/GitHub/funfare-sum-system/App/build/iphone/build/Products/Debug-iphonesimulator/Funfares.app/alloy/widget.js
[DEBUG]  Overwriting /Users/xdeveloper/Documents/GitHub/funfare-sum-system/App/Resources/iphone/alloy.js => /Users/xdeveloper/Documents/GitHub/funfare-sum-system/App/build/iphone/build/Products/Debug-iphonesimulator/Funfares.app/alloy.js
[INFO]   Writing app properties
[TRACE]  No change, skipping /Users/xdeveloper/Documents/GitHub/funfare-sum-system/App/build/iphone/build/Products/Debug-iphonesimulator/Funfares.app/_app_props_.json
[DEBUG]  Using default application routing
[TRACE]  No change, skipping /Users/xdeveloper/Documents/GitHub/funfare-sum-system/App/build/iphone/Classes/ApplicationRouting.m
[INFO]   Writing i18n files
[DEBUG]  Compiling localization files
[DEBUG]  No i18n files to process
[INFO]   Processing Titanium symbols
[DEBUG]  Processing Titanium namespace resources
[TRACE]  No change, skipping /Users/xdeveloper/Documents/GitHub/funfare-sum-system/App/build/iphone/build/Products/Debug-iphonesimulator/Funfares.app/modules/ui/images/badge.png
[TRACE]  No change, skipping /Users/xdeveloper/Documents/GitHub/funfare-sum-system/App/build/iphone/build/Products/Debug-iphonesimulator/Funfares.app/modules/ui/images/closeButton.png
[TRACE]  No change, skipping /Users/xdeveloper/Documents/GitHub/funfare-sum-system/App/build/iphone/build/Products/Debug-iphonesimulator/Funfares.app/modules/ui/images/photoDefault.png
[TRACE]  No change, skipping /Users/xdeveloper/Documents/GitHub/funfare-sum-system/App/build/iphone/Classes/defines.h
[INFO]   Removing files
[DEBUG]  Removing /Users/xdeveloper/Documents/GitHub/funfare-sum-system/App/build/iphone/DefaultIcon.png
[DEBUG]  Removing empty directories
[INFO]   Invoking xcodebuild
[DEBUG]  Invoking: DEVELOPER_DIR=/Applications/Xcode.app/Contents/Developer /Applications/Xcode.app/Contents/Developer/usr/bin/xcodebuild build -target Funfares -configuration Debug -scheme Funfares -derivedDataPath /Users/xdeveloper/Documents/GitHub/funfare-sum-system/App/build/iphone/DerivedData OBJROOT=/Users/xdeveloper/Documents/GitHub/funfare-sum-system/App/build/iphone/build/Intermediates SHARED_PRECOMPS_DIR=/Users/xdeveloper/Documents/GitHub/funfare-sum-system/App/build/iphone/build/Intermediates/PrecompiledHeaders SYMROOT=/Users/xdeveloper/Documents/GitHub/funfare-sum-system/App/build/iphone/build/Products -destination "platform=iOS Simulator,id=51FDA3EF-2969-4394-BC58-7CDA4F8585CD,OS=10.3" ONLY_ACTIVE_ARCH=1
[TRACE]  User defaults from command line:
[TRACE]      IDEDerivedDataPathOverride = /Users/xdeveloper/Documents/GitHub/funfare-sum-system/App/build/iphone/DerivedData
[TRACE]  Build settings from command line:
[TRACE]      OBJROOT = /Users/xdeveloper/Documents/GitHub/funfare-sum-system/App/build/iphone/build/Intermediates
[TRACE]      ONLY_ACTIVE_ARCH = 1
[TRACE]      SHARED_PRECOMPS_DIR = /Users/xdeveloper/Documents/GitHub/funfare-sum-system/App/build/iphone/build/Intermediates/PrecompiledHeaders
[TRACE]      SYMROOT = /Users/xdeveloper/Documents/GitHub/funfare-sum-system/App/build/iphone/build/Products
[TRACE]  
[TRACE]  === BUILD TARGET Funfares OF PROJECT Funfares WITH CONFIGURATION Debug ===
[TRACE]  Check dependencies
[TRACE]  
[TRACE]  CompileAssetCatalog build/Products/Debug-iphonesimulator/Funfares.app Assets.xcassets
[TRACE]      cd /Users/xdeveloper/Documents/GitHub/funfare-sum-system/App/build/iphone
[TRACE]      export PATH="/Applications/Xcode.app/Contents/Developer/Platforms/iPhoneSimulator.platform/Developer/usr/bin:/Applications/Xcode.app/Contents/Developer/usr/bin:/usr/local/bin:/usr/bin:/bin:/usr/sbin:/sbin"
[TRACE]      /Applications/Xcode.app/Contents/Developer/usr/bin/actool --output-format human-readable-text --notices --warnings --export-dependency-info /Users/xdeveloper/Documents/GitHub/funfare-sum-system/App/build/iphone/build/Intermediates/Funfares.build/Debug-iphonesimulator/Funfares.build/assetcatalog_dependencies --output-partial-info-plist /Users/xdeveloper/Documents/GitHub/funfare-sum-system/App/build/iphone/build/Intermediates/Funfares.build/Debug-iphonesimulator/Funfares.build/assetcatalog_generated_info.plist --app-icon AppIcon --launch-image LaunchImage --compress-pngs --enable-on-demand-resources YES --filter-for-device-model iPhone9,2 --filter-for-device-os-version 10.3.1 --sticker-pack-identifier-prefix .sticker-pack. --target-device iphone --target-device ipad --minimum-deployment-target 8.0 --platform iphonesimulator --product-type com.apple.product-type.application --compile /Users/xdeveloper/Documents/GitHub/funfare-sum-system/App/build/iphone/build/Products/Debug-iphonesimulator/Funfares.app /Users/xdeveloper/Documents/GitHub/funfare-sum-system/App/build/iphone/Assets.xcassets
[TRACE]  /* com.apple.actool.document.notices */
[TRACE]  /Users/xdeveloper/Documents/GitHub/funfare-sum-system/App/build/iphone/Assets.xcassets:./LaunchImage.launchimage/[iphone][736h][3x][portrait][full-screen][8.0]: notice: This launch image only applies to iOS 6.x and prior but the minimum deployment is 7.0 or later.
[TRACE]  /Users/xdeveloper/Documents/GitHub/funfare-sum-system/App/build/iphone/Assets.xcassets:./LaunchImage.launchimage/[iphone][736h][3x][landscape][full-screen][8.0]: notice: This launch image only applies to iOS 6.x and prior but the minimum deployment is 7.0 or later.
[TRACE]  /Users/xdeveloper/Documents/GitHub/funfare-sum-system/App/build/iphone/Assets.xcassets:./LaunchImage.launchimage/[iphone][667h][2x][portrait][full-screen][8.0]: notice: This launch image only applies to iOS 6.x and prior but the minimum deployment is 7.0 or later.
[TRACE]  /* com.apple.actool.compilation-results */
[TRACE]  /Users/xdeveloper/Documents/GitHub/funfare-sum-system/App/build/iphone/build/Products/Debug-iphonesimulator/Funfares.app/AppIcon29x29@2x.png
[TRACE]  /Users/xdeveloper/Documents/GitHub/funfare-sum-system/App/build/iphone/build/Products/Debug-iphonesimulator/Funfares.app/AppIcon29x29@3x.png
[TRACE]  /Users/xdeveloper/Documents/GitHub/funfare-sum-system/App/build/iphone/build/Products/Debug-iphonesimulator/Funfares.app/AppIcon40x40@2x.png
[TRACE]  /Users/xdeveloper/Documents/GitHub/funfare-sum-system/App/build/iphone/build/Products/Debug-iphonesimulator/Funfares.app/AppIcon40x40@3x.png
[TRACE]  /Users/xdeveloper/Documents/GitHub/funfare-sum-system/App/build/iphone/build/Products/Debug-iphonesimulator/Funfares.app/AppIcon60x60@2x.png
[TRACE]  /Users/xdeveloper/Documents/GitHub/funfare-sum-system/App/build/iphone/build/Products/Debug-iphonesimulator/Funfares.app/AppIcon60x60@3x.png
[TRACE]  /Users/xdeveloper/Documents/GitHub/funfare-sum-system/App/build/iphone/build/Products/Debug-iphonesimulator/Funfares.app/AppIcon29x29~ipad.png
[TRACE]  /Users/xdeveloper/Documents/GitHub/funfare-sum-system/App/build/iphone/build/Products/Debug-iphonesimulator/Funfares.app/AppIcon29x29@2x~ipad.png
[TRACE]  /Users/xdeveloper/Documents/GitHub/funfare-sum-system/App/build/iphone/build/Products/Debug-iphonesimulator/Funfares.app/AppIcon40x40~ipad.png
[TRACE]  /Users/xdeveloper/Documents/GitHub/funfare-sum-system/App/build/iphone/build/Products/Debug-iphonesimulator/Funfares.app/AppIcon40x40@2x~ipad.png
[TRACE]  /Users/xdeveloper/Documents/GitHub/funfare-sum-system/App/build/iphone/build/Products/Debug-iphonesimulator/Funfares.app/AppIcon76x76~ipad.png
[TRACE]  /Users/xdeveloper/Documents/GitHub/funfare-sum-system/App/build/iphone/build/Products/Debug-iphonesimulator/Funfares.app/AppIcon76x76@2x~ipad.png
[TRACE]  /Users/xdeveloper/Documents/GitHub/funfare-sum-system/App/build/iphone/build/Products/Debug-iphonesimulator/Funfares.app/AppIcon83.5x83.5@2x~ipad.png
[TRACE]  /Users/xdeveloper/Documents/GitHub/funfare-sum-system/App/build/iphone/build/Products/Debug-iphonesimulator/Funfares.app/LaunchImage-800-Portrait-736h@3x.png
[TRACE]  /Users/xdeveloper/Documents/GitHub/funfare-sum-system/App/build/iphone/build/Products/Debug-iphonesimulator/Funfares.app/LaunchImage-800-Landscape-736h@3x.png
[TRACE]  /Users/xdeveloper/Documents/GitHub/funfare-sum-system/App/build/iphone/build/Products/Debug-iphonesimulator/Funfares.app/LaunchImage-800-667h@2x.png
[TRACE]  /Users/xdeveloper/Documents/GitHub/funfare-sum-system/App/build/iphone/build/Products/Debug-iphonesimulator/Funfares.app/LaunchImage-700@2x.png
[TRACE]  /Users/xdeveloper/Documents/GitHub/funfare-sum-system/App/build/iphone/build/Products/Debug-iphonesimulator/Funfares.app/LaunchImage-700-568h@2x.png
[TRACE]  /Users/xdeveloper/Documents/GitHub/funfare-sum-system/App/build/iphone/build/Products/Debug-iphonesimulator/Funfares.app/LaunchImage-700-Portrait~ipad.png
[TRACE]  /Users/xdeveloper/Documents/GitHub/funfare-sum-system/App/build/iphone/build/Products/Debug-iphonesimulator/Funfares.app/LaunchImage-700-Landscape~ipad.png
[TRACE]  /Users/xdeveloper/Documents/GitHub/funfare-sum-system/App/build/iphone/build/Products/Debug-iphonesimulator/Funfares.app/LaunchImage-700-Portrait@2x~ipad.png
[TRACE]  /Users/xdeveloper/Documents/GitHub/funfare-sum-system/App/build/iphone/build/Products/Debug-iphonesimulator/Funfares.app/LaunchImage-700-Landscape@2x~ipad.png
[TRACE]  /Users/xdeveloper/Documents/GitHub/funfare-sum-system/App/build/iphone/build/Products/Debug-iphonesimulator/Funfares.app/Assets.car
[TRACE]  /Users/xdeveloper/Documents/GitHub/funfare-sum-system/App/build/iphone/build/Intermediates/Funfares.build/Debug-iphonesimulator/Funfares.build/assetcatalog_generated_info.plist
[TRACE]  
[TRACE]  ProcessInfoPlistFile build/Products/Debug-iphonesimulator/Funfares.app/Info.plist Info.plist
[TRACE]      cd /Users/xdeveloper/Documents/GitHub/funfare-sum-system/App/build/iphone
[TRACE]      export PATH="/Applications/Xcode.app/Contents/Developer/Platforms/iPhoneSimulator.platform/Developer/usr/bin:/Applications/Xcode.app/Contents/Developer/usr/bin:/usr/local/bin:/usr/bin:/bin:/usr/sbin:/sbin"
[TRACE]      builtin-infoPlistUtility /Users/xdeveloper/Documents/GitHub/funfare-sum-system/App/build/iphone/Info.plist -genpkginfo /Users/xdeveloper/Documents/GitHub/funfare-sum-system/App/build/iphone/build/Products/Debug-iphonesimulator/Funfares.app/PkgInfo -expandbuildsettings -format binary -platform iphonesimulator -additionalcontentfile /Users/xdeveloper/Documents/GitHub/funfare-sum-system/App/build/iphone/build/Intermediates/Funfares.build/Debug-iphonesimulator/Funfares.build/LaunchScreen-SBPartialInfo.plist -additionalcontentfile /Users/xdeveloper/Documents/GitHub/funfare-sum-system/App/build/iphone/build/Intermediates/Funfares.build/Debug-iphonesimulator/Funfares.build/assetcatalog_generated_info.plist -o /Users/xdeveloper/Documents/GitHub/funfare-sum-system/App/build/iphone/build/Products/Debug-iphonesimulator/Funfares.app/Info.plist
[TRACE]  
[TRACE]  GenerateDSYMFile build/Products/Debug-iphonesimulator/Funfares.app.dSYM build/Products/Debug-iphonesimulator/Funfares.app/Funfares
[TRACE]      cd /Users/xdeveloper/Documents/GitHub/funfare-sum-system/App/build/iphone
[TRACE]      export PATH="/Applications/Xcode.app/Contents/Developer/Platforms/iPhoneSimulator.platform/Developer/usr/bin:/Applications/Xcode.app/Contents/Developer/usr/bin:/usr/local/bin:/usr/bin:/bin:/usr/sbin:/sbin"
[TRACE]      /Applications/Xcode.app/Contents/Developer/Toolchains/XcodeDefault.xctoolchain/usr/bin/dsymutil /Users/xdeveloper/Documents/GitHub/funfare-sum-system/App/build/iphone/build/Products/Debug-iphonesimulator/Funfares.app/Funfares -o /Users/xdeveloper/Documents/GitHub/funfare-sum-system/App/build/iphone/build/Products/Debug-iphonesimulator/Funfares.app.dSYM
[TRACE]  
[TRACE]  Touch build/Products/Debug-iphonesimulator/Funfares.app
[TRACE]      cd /Users/xdeveloper/Documents/GitHub/funfare-sum-system/App/build/iphone
[TRACE]      export PATH="/Applications/Xcode.app/Contents/Developer/Platforms/iPhoneSimulator.platform/Developer/usr/bin:/Applications/Xcode.app/Contents/Developer/usr/bin:/usr/local/bin:/usr/bin:/bin:/usr/sbin:/sbin"
[TRACE]      /usr/bin/touch -c /Users/xdeveloper/Documents/GitHub/funfare-sum-system/App/build/iphone/build/Products/Debug-iphonesimulator/Funfares.app
[TRACE]  
[TRACE]  CodeSign build/Products/Debug-iphonesimulator/Funfares.app
[TRACE]      cd /Users/xdeveloper/Documents/GitHub/funfare-sum-system/App/build/iphone
[TRACE]      export CODESIGN_ALLOCATE=/Applications/Xcode.app/Contents/Developer/Toolchains/XcodeDefault.xctoolchain/usr/bin/codesign_allocate
[TRACE]      export PATH="/Applications/Xcode.app/Contents/Developer/Platforms/iPhoneSimulator.platform/Developer/usr/bin:/Applications/Xcode.app/Contents/Developer/usr/bin:/usr/local/bin:/usr/bin:/bin:/usr/sbin:/sbin"
[TRACE]      
[TRACE]  Signing Identity:     "-"
[TRACE]      /usr/bin/codesign --force --sign - --timestamp=none /Users/xdeveloper/Documents/GitHub/funfare-sum-system/App/build/iphone/build/Products/Debug-iphonesimulator/Funfares.app
[TRACE]  /Users/xdeveloper/Documents/GitHub/funfare-sum-system/App/build/iphone/build/Products/Debug-iphonesimulator/Funfares.app: replacing existing signature
[TRACE]  
[TRACE]  ** BUILD SUCCEEDED **
[INFO]   Finished building the application in 7s 490ms
[INFO]   Launching iOS Simulator
[TRACE]  [ioslib] Selected iOS Simulator: iPhone 7 Plus
[TRACE]  [ioslib]   UDID    = 51FDA3EF-2969-4394-BC58-7CDA4F8585CD
[TRACE]  [ioslib]   iOS     = 10.3.1
[TRACE]  [ioslib] Autoselected Xcode: 8.3.3
[TRACE]  [ioslib] Checking if simulator /Applications/Xcode.app/Contents/Developer/Applications/Simulator.app/Contents/MacOS/Simulator is already running
[TRACE]  [ioslib] Simulator is running (pid 1960)
[TRACE]  [ioslib] Simulator is booted!
[TRACE]  [ioslib] iPhone 7 Plus Simulator already running with the correct udid
[TRACE]  [ioslib] Tailing iPhone 7 Plus Simulator system log: /Users/xdeveloper/Library/Logs/CoreSimulator/51FDA3EF-2969-4394-BC58-7CDA4F8585CD/system.log
[TRACE]  [ioslib] Running: osascript "/Users/xdeveloper/Library/Application Support/Titanium/mobilesdk/osx/6.2.3.v20170921145618/node_modules/ioslib/lib/sim_focus.scpt" "Simulator"
[TRACE]  [ioslib] iPhone 7 Plus Simulator successfully focused
[TRACE]  [ioslib] Installing the app
[TRACE]  [ioslib] App launched
[TRACE]  [ioslib] Trying to connect to log server port 33088...